<?xml version="1.0" encoding="UTF-8"?>
<testsuite xmlns:xsi="http://www.w3.org/2001/XMLSchema-instance" xsi:noNamespaceSchemaLocation="https://maven.apache.org/surefire/maven-surefire-plugin/xsd/surefire-test-report-3.0.xsd" version="3.0" name="com.tip.dg4.toeic_exam.ToeicExamApplicationTests" time="4.187" tests="1" errors="0" skipped="0" failures="0">
  <properties>
    <property name="sun.desktop" value="gnome"/>
    <property name="awt.toolkit" value="sun.awt.X11.XToolkit"/>
    <property name="file.encoding.pkg" value="sun.io"/>
    <property name="jdk.extensions.version" value="17.0.6.0-ea"/>
    <property name="java.specification.version" value="17"/>
    <property name="sun.jnu.encoding" value="UTF-8"/>
    <property name="java.class.path" value="/home/vtronghieu/Java/toeic-exam-app/target/test-classes:/home/vtronghieu/Java/toeic-exam-app/target/classes:/home/vtronghieu/.m2/repository/org/springframework/boot/spring-boot-starter-data-mongodb/3.1.0/spring-boot-starter-data-mongodb-3.1.0.jar:/home/vtronghieu/.m2/repository/org/mongodb/mongodb-driver-sync/4.9.1/mongodb-driver-sync-4.9.1.jar:/home/vtronghieu/.m2/repository/org/mongodb/bson/4.9.1/bson-4.9.1.jar:/home/vtronghieu/.m2/repository/org/mongodb/mongodb-driver-core/4.9.1/mongodb-driver-core-4.9.1.jar:/home/vtronghieu/.m2/repository/org/mongodb/bson-record-codec/4.9.1/bson-record-codec-4.9.1.jar:/home/vtronghieu/.m2/repository/org/springframework/data/spring-data-mongodb/4.1.0/spring-data-mongodb-4.1.0.jar:/home/vtronghieu/.m2/repository/org/springframework/spring-tx/6.0.9/spring-tx-6.0.9.jar:/home/vtronghieu/.m2/repository/org/springframework/spring-context/6.0.9/spring-context-6.0.9.jar:/home/vtronghieu/.m2/repository/org/springframework/spring-beans/6.0.9/spring-beans-6.0.9.jar:/home/vtronghieu/.m2/repository/org/springframework/spring-expression/6.0.9/spring-expression-6.0.9.jar:/home/vtronghieu/.m2/repository/org/springframework/data/spring-data-commons/3.1.0/spring-data-commons-3.1.0.jar:/home/vtronghieu/.m2/repository/org/slf4j/slf4j-api/2.0.7/slf4j-api-2.0.7.jar:/home/vtronghieu/.m2/repository/org/springframework/boot/spring-boot-starter-security/3.1.0/spring-boot-starter-security-3.1.0.jar:/home/vtronghieu/.m2/repository/org/springframework/spring-aop/6.0.9/spring-aop-6.0.9.jar:/home/vtronghieu/.m2/repository/org/springframework/security/spring-security-config/6.1.0/spring-security-config-6.1.0.jar:/home/vtronghieu/.m2/repository/org/springframework/security/spring-security-web/6.1.0/spring-security-web-6.1.0.jar:/home/vtronghieu/.m2/repository/io/jsonwebtoken/jjwt-api/0.11.5/jjwt-api-0.11.5.jar:/home/vtronghieu/.m2/repository/io/jsonwebtoken/jjwt-impl/0.11.5/jjwt-impl-0.11.5.jar:/home/vtronghieu/.m2/repository/io/jsonwebtoken/jjwt-jackson/0.11.5/jjwt-jackson-0.11.5.jar:/home/vtronghieu/.m2/repository/com/fasterxml/jackson/core/jackson-databind/2.15.0/jackson-databind-2.15.0.jar:/home/vtronghieu/.m2/repository/com/fasterxml/jackson/datatype/jackson-datatype-jsr310/2.14.2/jackson-datatype-jsr310-2.14.2.jar:/home/vtronghieu/.m2/repository/com/fasterxml/jackson/core/jackson-annotations/2.15.0/jackson-annotations-2.15.0.jar:/home/vtronghieu/.m2/repository/com/fasterxml/jackson/core/jackson-core/2.15.0/jackson-core-2.15.0.jar:/home/vtronghieu/.m2/repository/org/springframework/boot/spring-boot-starter/3.1.0/spring-boot-starter-3.1.0.jar:/home/vtronghieu/.m2/repository/org/springframework/boot/spring-boot/3.1.0/spring-boot-3.1.0.jar:/home/vtronghieu/.m2/repository/org/springframework/boot/spring-boot-autoconfigure/3.1.0/spring-boot-autoconfigure-3.1.0.jar:/home/vtronghieu/.m2/repository/jakarta/annotation/jakarta.annotation-api/2.1.1/jakarta.annotation-api-2.1.1.jar:/home/vtronghieu/.m2/repository/org/springframework/spring-core/6.0.9/spring-core-6.0.9.jar:/home/vtronghieu/.m2/repository/org/springframework/spring-jcl/6.0.9/spring-jcl-6.0.9.jar:/home/vtronghieu/.m2/repository/org/yaml/snakeyaml/1.33/snakeyaml-1.33.jar:/home/vtronghieu/.m2/repository/org/springframework/boot/spring-boot-starter-web/3.1.0/spring-boot-starter-web-3.1.0.jar:/home/vtronghieu/.m2/repository/org/springframework/boot/spring-boot-starter-json/3.1.0/spring-boot-starter-json-3.1.0.jar:/home/vtronghieu/.m2/repository/com/fasterxml/jackson/datatype/jackson-datatype-jdk8/2.15.0/jackson-datatype-jdk8-2.15.0.jar:/home/vtronghieu/.m2/repository/com/fasterxml/jackson/module/jackson-module-parameter-names/2.15.0/jackson-module-parameter-names-2.15.0.jar:/home/vtronghieu/.m2/repository/org/springframework/boot/spring-boot-starter-tomcat/3.1.0/spring-boot-starter-tomcat-3.1.0.jar:/home/vtronghieu/.m2/repository/org/apache/tomcat/embed/tomcat-embed-core/10.1.8/tomcat-embed-core-10.1.8.jar:/home/vtronghieu/.m2/repository/org/apache/tomcat/embed/tomcat-embed-el/10.1.8/tomcat-embed-el-10.1.8.jar:/home/vtronghieu/.m2/repository/org/apache/tomcat/embed/tomcat-embed-websocket/10.1.8/tomcat-embed-websocket-10.1.8.jar:/home/vtronghieu/.m2/repository/org/springframework/spring-web/6.0.9/spring-web-6.0.9.jar:/home/vtronghieu/.m2/repository/io/micrometer/micrometer-observation/1.11.0/micrometer-observation-1.11.0.jar:/home/vtronghieu/.m2/repository/io/micrometer/micrometer-commons/1.11.0/micrometer-commons-1.11.0.jar:/home/vtronghieu/.m2/repository/org/springframework/spring-webmvc/6.0.9/spring-webmvc-6.0.9.jar:/home/vtronghieu/.m2/repository/org/springframework/boot/spring-boot-starter-log4j2/3.1.0/spring-boot-starter-log4j2-3.1.0.jar:/home/vtronghieu/.m2/repository/org/apache/logging/log4j/log4j-slf4j2-impl/2.20.0/log4j-slf4j2-impl-2.20.0.jar:/home/vtronghieu/.m2/repository/org/apache/logging/log4j/log4j-api/2.20.0/log4j-api-2.20.0.jar:/home/vtronghieu/.m2/repository/org/apache/logging/log4j/log4j-core/2.20.0/log4j-core-2.20.0.jar:/home/vtronghieu/.m2/repository/org/apache/logging/log4j/log4j-jul/2.20.0/log4j-jul-2.20.0.jar:/home/vtronghieu/.m2/repository/org/springframework/boot/spring-boot-devtools/3.1.0/spring-boot-devtools-3.1.0.jar:/home/vtronghieu/.m2/repository/org/projectlombok/lombok/1.18.26/lombok-1.18.26.jar:/home/vtronghieu/.m2/repository/org/springframework/boot/spring-boot-starter-test/3.1.0/spring-boot-starter-test-3.1.0.jar:/home/vtronghieu/.m2/repository/org/springframework/boot/spring-boot-test/3.1.0/spring-boot-test-3.1.0.jar:/home/vtronghieu/.m2/repository/org/springframework/boot/spring-boot-test-autoconfigure/3.1.0/spring-boot-test-autoconfigure-3.1.0.jar:/home/vtronghieu/.m2/repository/com/jayway/jsonpath/json-path/2.8.0/json-path-2.8.0.jar:/home/vtronghieu/.m2/repository/jakarta/xml/bind/jakarta.xml.bind-api/4.0.0/jakarta.xml.bind-api-4.0.0.jar:/home/vtronghieu/.m2/repository/jakarta/activation/jakarta.activation-api/2.1.2/jakarta.activation-api-2.1.2.jar:/home/vtronghieu/.m2/repository/net/minidev/json-smart/2.4.10/json-smart-2.4.10.jar:/home/vtronghieu/.m2/repository/net/minidev/accessors-smart/2.4.9/accessors-smart-2.4.9.jar:/home/vtronghieu/.m2/repository/org/ow2/asm/asm/9.3/asm-9.3.jar:/home/vtronghieu/.m2/repository/org/assertj/assertj-core/3.24.2/assertj-core-3.24.2.jar:/home/vtronghieu/.m2/repository/net/bytebuddy/byte-buddy/1.14.4/byte-buddy-1.14.4.jar:/home/vtronghieu/.m2/repository/org/hamcrest/hamcrest/2.2/hamcrest-2.2.jar:/home/vtronghieu/.m2/repository/org/junit/jupiter/junit-jupiter/5.9.3/junit-jupiter-5.9.3.jar:/home/vtronghieu/.m2/repository/org/junit/jupiter/junit-jupiter-api/5.9.3/junit-jupiter-api-5.9.3.jar:/home/vtronghieu/.m2/repository/org/opentest4j/opentest4j/1.2.0/opentest4j-1.2.0.jar:/home/vtronghieu/.m2/repository/org/junit/platform/junit-platform-commons/1.9.3/junit-platform-commons-1.9.3.jar:/home/vtronghieu/.m2/repository/org/apiguardian/apiguardian-api/1.1.2/apiguardian-api-1.1.2.jar:/home/vtronghieu/.m2/repository/org/junit/jupiter/junit-jupiter-params/5.9.3/junit-jupiter-params-5.9.3.jar:/home/vtronghieu/.m2/repository/org/junit/jupiter/junit-jupiter-engine/5.9.3/junit-jupiter-engine-5.9.3.jar:/home/vtronghieu/.m2/repository/org/junit/platform/junit-platform-engine/1.9.3/junit-platform-engine-1.9.3.jar:/home/vtronghieu/.m2/repository/org/mockito/mockito-core/5.3.1/mockito-core-5.3.1.jar:/home/vtronghieu/.m2/repository/net/bytebuddy/byte-buddy-agent/1.14.4/byte-buddy-agent-1.14.4.jar:/home/vtronghieu/.m2/repository/org/objenesis/objenesis/3.3/objenesis-3.3.jar:/home/vtronghieu/.m2/repository/org/mockito/mockito-junit-jupiter/5.3.1/mockito-junit-jupiter-5.3.1.jar:/home/vtronghieu/.m2/repository/org/skyscreamer/jsonassert/1.5.1/jsonassert-1.5.1.jar:/home/vtronghieu/.m2/repository/com/vaadin/external/google/android-json/0.0.20131108.vaadin1/android-json-0.0.20131108.vaadin1.jar:/home/vtronghieu/.m2/repository/org/springframework/spring-test/6.0.9/spring-test-6.0.9.jar:/home/vtronghieu/.m2/repository/org/xmlunit/xmlunit-core/2.9.1/xmlunit-core-2.9.1.jar:/home/vtronghieu/.m2/repository/org/springframework/security/spring-security-test/6.1.0/spring-security-test-6.1.0.jar:/home/vtronghieu/.m2/repository/org/springframework/security/spring-security-core/6.1.0/spring-security-core-6.1.0.jar:/home/vtronghieu/.m2/repository/org/springframework/security/spring-security-crypto/6.1.0/spring-security-crypto-6.1.0.jar:"/>
    <property name="java.vm.vendor" value="Eclipse OpenJ9"/>
    <property name="sun.arch.data.model" value="64"/>
    <property name="com.ibm.vm.bitmode" value="64"/>
    <property name="user.variant" value=""/>
    <property name="com.ibm.oti.vm.library.version" value="29"/>
    <property name="java.vendor.url" value="https://www.ibm.com/semeru-runtimes"/>
    <property name="user.timezone" value="Asia/Ho_Chi_Minh"/>
    <property name="os.name" value="Linux"/>
    <property name="java.vm.specification.version" value="17"/>
    <property name="user.country" value="US"/>
    <property name="sun.java.launcher" value="SUN_STANDARD"/>
    <property name="sun.boot.library.path" value="/home/vtronghieu/.jdks/semeru-17.0.6/lib/default:/home/vtronghieu/.jdks/semeru-17.0.6/lib"/>
    <property name="sun.java.command" value="/home/vtronghieu/Java/toeic-exam-app/target/surefire/surefirebooter-20230630115945585_3.jar /home/vtronghieu/Java/toeic-exam-app/target/surefire 2023-06-30T11-59-45_399-jvmRun1 surefire-20230630115945585_1tmp surefire_0-20230630115945585_2tmp"/>
    <property name="surefire.test.class.path" value="/home/vtronghieu/Java/toeic-exam-app/target/test-classes:/home/vtronghieu/Java/toeic-exam-app/target/classes:/home/vtronghieu/.m2/repository/org/springframework/boot/spring-boot-starter-data-mongodb/3.1.0/spring-boot-starter-data-mongodb-3.1.0.jar:/home/vtronghieu/.m2/repository/org/mongodb/mongodb-driver-sync/4.9.1/mongodb-driver-sync-4.9.1.jar:/home/vtronghieu/.m2/repository/org/mongodb/bson/4.9.1/bson-4.9.1.jar:/home/vtronghieu/.m2/repository/org/mongodb/mongodb-driver-core/4.9.1/mongodb-driver-core-4.9.1.jar:/home/vtronghieu/.m2/repository/org/mongodb/bson-record-codec/4.9.1/bson-record-codec-4.9.1.jar:/home/vtronghieu/.m2/repository/org/springframework/data/spring-data-mongodb/4.1.0/spring-data-mongodb-4.1.0.jar:/home/vtronghieu/.m2/repository/org/springframework/spring-tx/6.0.9/spring-tx-6.0.9.jar:/home/vtronghieu/.m2/repository/org/springframework/spring-context/6.0.9/spring-context-6.0.9.jar:/home/vtronghieu/.m2/repository/org/springframework/spring-beans/6.0.9/spring-beans-6.0.9.jar:/home/vtronghieu/.m2/repository/org/springframework/spring-expression/6.0.9/spring-expression-6.0.9.jar:/home/vtronghieu/.m2/repository/org/springframework/data/spring-data-commons/3.1.0/spring-data-commons-3.1.0.jar:/home/vtronghieu/.m2/repository/org/slf4j/slf4j-api/2.0.7/slf4j-api-2.0.7.jar:/home/vtronghieu/.m2/repository/org/springframework/boot/spring-boot-starter-security/3.1.0/spring-boot-starter-security-3.1.0.jar:/home/vtronghieu/.m2/repository/org/springframework/spring-aop/6.0.9/spring-aop-6.0.9.jar:/home/vtronghieu/.m2/repository/org/springframework/security/spring-security-config/6.1.0/spring-security-config-6.1.0.jar:/home/vtronghieu/.m2/repository/org/springframework/security/spring-security-web/6.1.0/spring-security-web-6.1.0.jar:/home/vtronghieu/.m2/repository/io/jsonwebtoken/jjwt-api/0.11.5/jjwt-api-0.11.5.jar:/home/vtronghieu/.m2/repository/io/jsonwebtoken/jjwt-impl/0.11.5/jjwt-impl-0.11.5.jar:/home/vtronghieu/.m2/repository/io/jsonwebtoken/jjwt-jackson/0.11.5/jjwt-jackson-0.11.5.jar:/home/vtronghieu/.m2/repository/com/fasterxml/jackson/core/jackson-databind/2.15.0/jackson-databind-2.15.0.jar:/home/vtronghieu/.m2/repository/com/fasterxml/jackson/datatype/jackson-datatype-jsr310/2.14.2/jackson-datatype-jsr310-2.14.2.jar:/home/vtronghieu/.m2/repository/com/fasterxml/jackson/core/jackson-annotations/2.15.0/jackson-annotations-2.15.0.jar:/home/vtronghieu/.m2/repository/com/fasterxml/jackson/core/jackson-core/2.15.0/jackson-core-2.15.0.jar:/home/vtronghieu/.m2/repository/org/springframework/boot/spring-boot-starter/3.1.0/spring-boot-starter-3.1.0.jar:/home/vtronghieu/.m2/repository/org/springframework/boot/spring-boot/3.1.0/spring-boot-3.1.0.jar:/home/vtronghieu/.m2/repository/org/springframework/boot/spring-boot-autoconfigure/3.1.0/spring-boot-autoconfigure-3.1.0.jar:/home/vtronghieu/.m2/repository/jakarta/annotation/jakarta.annotation-api/2.1.1/jakarta.annotation-api-2.1.1.jar:/home/vtronghieu/.m2/repository/org/springframework/spring-core/6.0.9/spring-core-6.0.9.jar:/home/vtronghieu/.m2/repository/org/springframework/spring-jcl/6.0.9/spring-jcl-6.0.9.jar:/home/vtronghieu/.m2/repository/org/yaml/snakeyaml/1.33/snakeyaml-1.33.jar:/home/vtronghieu/.m2/repository/org/springframework/boot/spring-boot-starter-web/3.1.0/spring-boot-starter-web-3.1.0.jar:/home/vtronghieu/.m2/repository/org/springframework/boot/spring-boot-starter-json/3.1.0/spring-boot-starter-json-3.1.0.jar:/home/vtronghieu/.m2/repository/com/fasterxml/jackson/datatype/jackson-datatype-jdk8/2.15.0/jackson-datatype-jdk8-2.15.0.jar:/home/vtronghieu/.m2/repository/com/fasterxml/jackson/module/jackson-module-parameter-names/2.15.0/jackson-module-parameter-names-2.15.0.jar:/home/vtronghieu/.m2/repository/org/springframework/boot/spring-boot-starter-tomcat/3.1.0/spring-boot-starter-tomcat-3.1.0.jar:/home/vtronghieu/.m2/repository/org/apache/tomcat/embed/tomcat-embed-core/10.1.8/tomcat-embed-core-10.1.8.jar:/home/vtronghieu/.m2/repository/org/apache/tomcat/embed/tomcat-embed-el/10.1.8/tomcat-embed-el-10.1.8.jar:/home/vtronghieu/.m2/repository/org/apache/tomcat/embed/tomcat-embed-websocket/10.1.8/tomcat-embed-websocket-10.1.8.jar:/home/vtronghieu/.m2/repository/org/springframework/spring-web/6.0.9/spring-web-6.0.9.jar:/home/vtronghieu/.m2/repository/io/micrometer/micrometer-observation/1.11.0/micrometer-observation-1.11.0.jar:/home/vtronghieu/.m2/repository/io/micrometer/micrometer-commons/1.11.0/micrometer-commons-1.11.0.jar:/home/vtronghieu/.m2/repository/org/springframework/spring-webmvc/6.0.9/spring-webmvc-6.0.9.jar:/home/vtronghieu/.m2/repository/org/springframework/boot/spring-boot-starter-log4j2/3.1.0/spring-boot-starter-log4j2-3.1.0.jar:/home/vtronghieu/.m2/repository/org/apache/logging/log4j/log4j-slf4j2-impl/2.20.0/log4j-slf4j2-impl-2.20.0.jar:/home/vtronghieu/.m2/repository/org/apache/logging/log4j/log4j-api/2.20.0/log4j-api-2.20.0.jar:/home/vtronghieu/.m2/repository/org/apache/logging/log4j/log4j-core/2.20.0/log4j-core-2.20.0.jar:/home/vtronghieu/.m2/repository/org/apache/logging/log4j/log4j-jul/2.20.0/log4j-jul-2.20.0.jar:/home/vtronghieu/.m2/repository/org/springframework/boot/spring-boot-devtools/3.1.0/spring-boot-devtools-3.1.0.jar:/home/vtronghieu/.m2/repository/org/projectlombok/lombok/1.18.26/lombok-1.18.26.jar:/home/vtronghieu/.m2/repository/org/springframework/boot/spring-boot-starter-test/3.1.0/spring-boot-starter-test-3.1.0.jar:/home/vtronghieu/.m2/repository/org/springframework/boot/spring-boot-test/3.1.0/spring-boot-test-3.1.0.jar:/home/vtronghieu/.m2/repository/org/springframework/boot/spring-boot-test-autoconfigure/3.1.0/spring-boot-test-autoconfigure-3.1.0.jar:/home/vtronghieu/.m2/repository/com/jayway/jsonpath/json-path/2.8.0/json-path-2.8.0.jar:/home/vtronghieu/.m2/repository/jakarta/xml/bind/jakarta.xml.bind-api/4.0.0/jakarta.xml.bind-api-4.0.0.jar:/home/vtronghieu/.m2/repository/jakarta/activation/jakarta.activation-api/2.1.2/jakarta.activation-api-2.1.2.jar:/home/vtronghieu/.m2/repository/net/minidev/json-smart/2.4.10/json-smart-2.4.10.jar:/home/vtronghieu/.m2/repository/net/minidev/accessors-smart/2.4.9/accessors-smart-2.4.9.jar:/home/vtronghieu/.m2/repository/org/ow2/asm/asm/9.3/asm-9.3.jar:/home/vtronghieu/.m2/repository/org/assertj/assertj-core/3.24.2/assertj-core-3.24.2.jar:/home/vtronghieu/.m2/repository/net/bytebuddy/byte-buddy/1.14.4/byte-buddy-1.14.4.jar:/home/vtronghieu/.m2/repository/org/hamcrest/hamcrest/2.2/hamcrest-2.2.jar:/home/vtronghieu/.m2/repository/org/junit/jupiter/junit-jupiter/5.9.3/junit-jupiter-5.9.3.jar:/home/vtronghieu/.m2/repository/org/junit/jupiter/junit-jupiter-api/5.9.3/junit-jupiter-api-5.9.3.jar:/home/vtronghieu/.m2/repository/org/opentest4j/opentest4j/1.2.0/opentest4j-1.2.0.jar:/home/vtronghieu/.m2/repository/org/junit/platform/junit-platform-commons/1.9.3/junit-platform-commons-1.9.3.jar:/home/vtronghieu/.m2/repository/org/apiguardian/apiguardian-api/1.1.2/apiguardian-api-1.1.2.jar:/home/vtronghieu/.m2/repository/org/junit/jupiter/junit-jupiter-params/5.9.3/junit-jupiter-params-5.9.3.jar:/home/vtronghieu/.m2/repository/org/junit/jupiter/junit-jupiter-engine/5.9.3/junit-jupiter-engine-5.9.3.jar:/home/vtronghieu/.m2/repository/org/junit/platform/junit-platform-engine/1.9.3/junit-platform-engine-1.9.3.jar:/home/vtronghieu/.m2/repository/org/mockito/mockito-core/5.3.1/mockito-core-5.3.1.jar:/home/vtronghieu/.m2/repository/net/bytebuddy/byte-buddy-agent/1.14.4/byte-buddy-agent-1.14.4.jar:/home/vtronghieu/.m2/repository/org/objenesis/objenesis/3.3/objenesis-3.3.jar:/home/vtronghieu/.m2/repository/org/mockito/mockito-junit-jupiter/5.3.1/mockito-junit-jupiter-5.3.1.jar:/home/vtronghieu/.m2/repository/org/skyscreamer/jsonassert/1.5.1/jsonassert-1.5.1.jar:/home/vtronghieu/.m2/repository/com/vaadin/external/google/android-json/0.0.20131108.vaadin1/android-json-0.0.20131108.vaadin1.jar:/home/vtronghieu/.m2/repository/org/springframework/spring-test/6.0.9/spring-test-6.0.9.jar:/home/vtronghieu/.m2/repository/org/xmlunit/xmlunit-core/2.9.1/xmlunit-core-2.9.1.jar:/home/vtronghieu/.m2/repository/org/springframework/security/spring-security-test/6.1.0/spring-security-test-6.1.0.jar:/home/vtronghieu/.m2/repository/org/springframework/security/spring-security-core/6.1.0/spring-security-core-6.1.0.jar:/home/vtronghieu/.m2/repository/org/springframework/security/spring-security-crypto/6.1.0/spring-security-crypto-6.1.0.jar:"/>
    <property name="sun.cpu.endian" value="little"/>
    <property name="user.home" value="/home/vtronghieu"/>
    <property name="user.language" value="en"/>
    <property name="java.specification.vendor" value="Oracle Corporation"/>
    <property name="java.version.date" value="2023-01-17"/>
    <property name="java.home" value="/home/vtronghieu/.jdks/semeru-17.0.6"/>
    <property name="ibm.signalhandling.rs" value="false"/>
    <property name="openjdk.methodhandles" value="true"/>
    <property name="file.separator" value="/"/>
    <property name="jdk.extensions.name" value="Extensions for OpenJDK for Eclipse OpenJ9"/>
    <property name="basedir" value="/home/vtronghieu/Java/toeic-exam-app"/>
    <property name="line.separator" value="&#10;"/>
    <property name="java.specification.name" value="Java Platform API Specification"/>
    <property name="java.vm.specification.vendor" value="Oracle Corporation"/>
    <property name="java.compiler" value="j9jit29"/>
    <property name="FILE_LOG_CHARSET" value="UTF-8"/>
    <property name="com.ibm.util.extralibs.properties" value=""/>
    <property name="java.awt.graphicsenv" value="sun.awt.X11GraphicsEnvironment"/>
    <property name="java.awt.headless" value="true"/>
    <property name="com.ibm.oti.configuration" value="scar"/>
    <property name="java.awt.fonts" value=""/>
    <property name="surefire.real.class.path" value="/home/vtronghieu/Java/toeic-exam-app/target/surefire/surefirebooter-20230630115945585_3.jar"/>
    <property name="com.ibm.oti.shared.enabled" value="false"/>
    <property name="jdk.boot.class.path.append" value=""/>
    <property name="com.ibm.oti.vm.bootstrap.library.path" value="/home/vtronghieu/.jdks/semeru-17.0.6/lib/default:/home/vtronghieu/.jdks/semeru-17.0.6/lib"/>
    <property name="com.ibm.cpu.endian" value="little"/>
    <property name="java.fullversion" value="17.0.6+9&#10;JRE 17 Linux amd64-64-Bit Compressed References 20230117_376 (JIT enabled, AOT enabled)&#10;OpenJ9   - c5da55ccc&#10;OMR      - 2bb04132e&#10;JCL      - 2842f5c454a based on jdk-17.0.6+9"/>
    <property name="java.runtime.version" value="17.0.6+9"/>
    <property name="user.name" value="vtronghieu"/>
    <property name="path.separator" value=":"/>
    <property name="os.version" value="5.15.0-76-generic"/>
    <property name="java.runtime.name" value="IBM Semeru Runtime Open Edition"/>
    <property name="ibm.signalhandling.sigint" value="true"/>
    <property name="file.encoding" value="UTF-8"/>
    <property name="java.vm.name" value="Eclipse OpenJ9 VM"/>
    <property name="java.vendor.version" value="17.0.6.0-m2"/>
    <property name="ibm.signalhandling.sigchain" value="true"/>
    <property name="localRepository" value="/home/vtronghieu/.m2/repository"/>
    <property name="java.vendor.url.bug" value="https://github.com/ibmruntimes/Semeru-Runtimes/issues"/>
    <property name="java.io.tmpdir" value="/tmp"/>
    <property name="idea.version" value="2023.1.3"/>
    <property name="java.version" value="17.0.6"/>
    <property name="com.ibm.system.agent.path" value="/home/vtronghieu/.jdks/semeru-17.0.6/lib"/>
    <property name="user.dir" value="/home/vtronghieu/Java/toeic-exam-app"/>
    <property name="os.arch" value="amd64"/>
    <property name="java.vm.specification.name" value="Java Virtual Machine Specification"/>
    <property name="PID" value="321926"/>
    <property name="java.awt.printerjob" value="sun.print.PSPrinterJob"/>
    <property name="sun.nio.PageAlignDirectMemory" value="false"/>
    <property name="os.encoding" value="UTF-8"/>
    <property name="CONSOLE_LOG_CHARSET" value="UTF-8"/>
    <property name="native.encoding" value="UTF-8"/>
    <property name="java.library.path" value="/home/vtronghieu/.jdks/semeru-17.0.6/lib/default:/home/vtronghieu/.jdks/semeru-17.0.6/lib:/usr/lib64:/usr/lib"/>
    <property name="java.vendor" value="IBM Corporation"/>
    <property name="java.vm.info" value="JRE 17 Linux amd64-64-Bit Compressed References 20230117_376 (JIT enabled, AOT enabled)&#10;OpenJ9   - c5da55ccc&#10;OMR      - 2bb04132e&#10;JCL      - 2842f5c454a based on jdk-17.0.6+9"/>
    <property name="sun.nio.MaxDirectMemorySize" value="-1"/>
    <property name="java.vm.version" value="v0.36.0-release-c5da55ccc"/>
    <property name="com.ibm.jcl.checkClassPath" value=""/>
    <property name="ibm.system.encoding" value="UTF-8"/>
    <property name="java.lang.invoke.VarHandle.VAR_HANDLE_GUARDS" value="false"/>
    <property name="sun.io.unicode.encoding" value="UnicodeLittle"/>
    <property name="java.class.version" value="61.0"/>
  </properties>
  <testcase name="contextLoads" classname="com.tip.dg4.toeic_exam.ToeicExamApplicationTests" time="0.95">
    <system-out><![CDATA[2023-06-30T11:59:46,727  INFO 321926 --- [           main] t.c.s.AnnotationConfigContextLoaderUtils : Could not detect default configuration classes for test class [com.tip.dg4.toeic_exam.ToeicExamApplicationTests]: ToeicExamApplicationTests does not declare any static, non-private, non-final, nested classes annotated with @Configuration.
2023-06-30T11:59:46,862  INFO 321926 --- [           main] .b.t.c.SpringBootTestContextBootstrapper : Found @SpringBootConfiguration com.tip.dg4.toeic_exam.ToeicExamApplication for test class com.tip.dg4.toeic_exam.ToeicExamApplicationTests

  .   ____          _            __ _ _
 /\\ / ___'_ __ _ _(_)_ __  __ _ \ \ \ \
( ( )\___ | '_ | '_| | '_ \/ _` | \ \ \ \
 \\/  ___)| |_)| | | | | || (_| |  ) ) ) )
  '  |____| .__|_| |_|_| |_\__, | / / / /
 =========|_|==============|___/=/_/_/_/
 :: Spring Boot ::                (v3.1.0)

2023-06-30T11:59:47,221  INFO 321926 --- [           main] c.t.d.t.ToeicExamApplicationTests        : Starting ToeicExamApplicationTests using Java 17.0.6 with PID 321926 (started by vtronghieu in /home/vtronghieu/Java/toeic-exam-app)
2023-06-30T11:59:47,225  INFO 321926 --- [           main] c.t.d.t.ToeicExamApplicationTests        : No active profile set, falling back to 1 default profile: "default"
2023-06-30T11:59:47,823  INFO 321926 --- [           main] .s.d.r.c.RepositoryConfigurationDelegate : Bootstrapping Spring Data MongoDB repositories in DEFAULT mode.
2023-06-30T11:59:47,880  INFO 321926 --- [           main] .s.d.r.c.RepositoryConfigurationDelegate : Finished Spring Data repository scanning in 52 ms. Found 1 MongoDB repository interfaces.
2023-06-30T11:59:48,403  INFO 321926 --- [           main] o.m.d.client                             : MongoClient with metadata {"driver": {"name": "mongo-java-driver|sync|spring-boot", "version": "4.9.1"}, "os": {"type": "Linux", "name": "Linux", "architecture": "amd64", "version": "5.15.0-76-generic"}, "platform": "Java/IBM Corporation/17.0.6+9"} created with settings MongoClientSettings{readPreference=primary, writeConcern=WriteConcern{w=majority, wTimeout=null ms, journal=null}, retryWrites=true, retryReads=true, readConcern=ReadConcern{level=null}, credential=MongoCredential{mechanism=null, userName='vtronghieu', source='admin', password=<hidden>, mechanismProperties=<hidden>}, streamFactoryFactory=null, commandListeners=[], codecRegistry=ProvidersCodecRegistry{codecProviders=[ValueCodecProvider{}, BsonValueCodecProvider{}, DBRefCodecProvider{}, DBObjectCodecProvider{}, DocumentCodecProvider{}, CollectionCodecProvider{}, IterableCodecProvider{}, MapCodecProvider{}, GeoJsonCodecProvider{}, GridFSFileCodecProvider{}, Jsr310CodecProvider{}, JsonObjectCodecProvider{}, BsonCodecProvider{}, EnumCodecProvider{}, com.mongodb.client.model.mql.ExpressionCodecProvider@6b030485, com.mongodb.Jep395RecordCodecProvider@ec357c47]}, loggerSettings=LoggerSettings{maxDocumentLength=1000}, clusterSettings={hosts=[127.0.0.1:27017], srvHost=cluster0.bz5smxn.mongodb.net, srvServiceName=mongodb, mode=MULTIPLE, requiredClusterType=REPLICA_SET, requiredReplicaSetName='atlas-exh0f3-shard-0', serverSelector='null', clusterListeners='[]', serverSelectionTimeout='30000 ms', localThreshold='30000 ms'}, socketSettings=SocketSettings{connectTimeoutMS=10000, readTimeoutMS=0, receiveBufferSize=0, sendBufferSize=0}, heartbeatSocketSettings=SocketSettings{connectTimeoutMS=10000, readTimeoutMS=10000, receiveBufferSize=0, sendBufferSize=0}, connectionPoolSettings=ConnectionPoolSettings{maxSize=100, minSize=0, maxWaitTimeMS=120000, maxConnectionLifeTimeMS=0, maxConnectionIdleTimeMS=0, maintenanceInitialDelayMS=0, maintenanceFrequencyMS=60000, connectionPoolListeners=[], maxConnecting=2}, serverSettings=ServerSettings{heartbeatFrequencyMS=10000, minHeartbeatFrequencyMS=500, serverListeners='[]', serverMonitorListeners='[]'}, sslSettings=SslSettings{enabled=true, invalidHostNameAllowed=false, context=null}, applicationName='null', compressorList=[], uuidRepresentation=JAVA_LEGACY, serverApi=null, autoEncryptionSettings=null, contextProvider=null}
2023-06-30T11:59:48,628  INFO 321926 --- [mxn.mongodb.net] o.m.d.cluster                            : Adding discovered server ac-dafmvbd-shard-00-02.bz5smxn.mongodb.net:27017 to client view of cluster
2023-06-30T11:59:48,652  INFO 321926 --- [mxn.mongodb.net] o.m.d.cluster                            : Adding discovered server ac-dafmvbd-shard-00-00.bz5smxn.mongodb.net:27017 to client view of cluster
2023-06-30T11:59:48,653  INFO 321926 --- [mxn.mongodb.net] o.m.d.cluster                            : Adding discovered server ac-dafmvbd-shard-00-01.bz5smxn.mongodb.net:27017 to client view of cluster
2023-06-30T11:59:49,130  INFO 321926 --- [           main] o.s.s.w.DefaultSecurityFilterChain       : Will secure any request with [org.springframework.security.web.session.DisableEncodeUrlFilter@84a12606, org.springframework.security.web.context.request.async.WebAsyncManagerIntegrationFilter@b6b012d8, org.springframework.security.web.context.SecurityContextHolderFilter@451a7542, org.springframework.security.web.header.HeaderWriterFilter@c8565ae0, org.springframework.web.filter.CorsFilter@8a058edd, org.springframework.security.web.authentication.logout.LogoutFilter@4c4555, com.tip.dg4.toeic_exam.config.JwtAuthFilter@bb904e2, org.springframework.security.web.savedrequest.RequestCacheAwareFilter@c6becd19, org.springframework.security.web.servletapi.SecurityContextHolderAwareRequestFilter@3b4e4aef, org.springframework.security.web.authentication.AnonymousAuthenticationFilter@22abda04, org.springframework.security.web.session.SessionManagementFilter@eefefbb3, org.springframework.security.web.access.ExceptionTranslationFilter@e8f9cda8, org.springframework.security.web.access.intercept.AuthorizationFilter@30ad890c]
2023-06-30T11:59:49,349  INFO 321926 --- [ngodb.net:27017] o.m.d.cluster                            : Monitor thread successfully connected to server with description ServerDescription{address=ac-dafmvbd-shard-00-00.bz5smxn.mongodb.net:27017, type=REPLICA_SET_SECONDARY, state=CONNECTED, ok=true, minWireVersion=0, maxWireVersion=17, maxDocumentSize=16777216, logicalSessionTimeoutMinutes=30, roundTripTimeNanos=340341561, setName='atlas-exh0f3-shard-0', canonicalAddress=ac-dafmvbd-shard-00-00.bz5smxn.mongodb.net:27017, hosts=[ac-dafmvbd-shard-00-00.bz5smxn.mongodb.net:27017, ac-dafmvbd-shard-00-01.bz5smxn.mongodb.net:27017, ac-dafmvbd-shard-00-02.bz5smxn.mongodb.net:27017], passives=[], arbiters=[], primary='ac-dafmvbd-shard-00-01.bz5smxn.mongodb.net:27017', tagSet=TagSet{[Tag{name='nodeType', value='ELECTABLE'}, Tag{name='provider', value='GCP'}, Tag{name='region', value='ASIA_SOUTH_1'}, Tag{name='workloadType', value='OPERATIONAL'}]}, electionId=null, setVersion=3, topologyVersion=TopologyVersion{processId=64637f1b7d69a40e609c8264, counter=4}, lastWriteDate=Fri Jun 30 11:59:49 ICT 2023, lastUpdateTimeNanos=72087212660919}
2023-06-30T11:59:49,349  INFO 321926 --- [ngodb.net:27017] o.m.d.cluster                            : Monitor thread successfully connected to server with description ServerDescription{address=ac-dafmvbd-shard-00-02.bz5smxn.mongodb.net:27017, type=REPLICA_SET_SECONDARY, state=CONNECTED, ok=true, minWireVersion=0, maxWireVersion=17, maxDocumentSize=16777216, logicalSessionTimeoutMinutes=30, roundTripTimeNanos=341109428, setName='atlas-exh0f3-shard-0', canonicalAddress=ac-dafmvbd-shard-00-02.bz5smxn.mongodb.net:27017, hosts=[ac-dafmvbd-shard-00-00.bz5smxn.mongodb.net:27017, ac-dafmvbd-shard-00-01.bz5smxn.mongodb.net:27017, ac-dafmvbd-shard-00-02.bz5smxn.mongodb.net:27017], passives=[], arbiters=[], primary='ac-dafmvbd-shard-00-01.bz5smxn.mongodb.net:27017', tagSet=TagSet{[Tag{name='nodeType', value='ELECTABLE'}, Tag{name='provider', value='GCP'}, Tag{name='region', value='ASIA_SOUTH_1'}, Tag{name='workloadType', value='OPERATIONAL'}]}, electionId=null, setVersion=3, topologyVersion=TopologyVersion{processId=64637fbf3c00c2f29de3797a, counter=3}, lastWriteDate=Fri Jun 30 11:59:49 ICT 2023, lastUpdateTimeNanos=72087212661308}
2023-06-30T11:59:49,349  INFO 321926 --- [ngodb.net:27017] o.m.d.cluster                            : Monitor thread successfully connected to server with description ServerDescription{address=ac-dafmvbd-shard-00-01.bz5smxn.mongodb.net:27017, type=REPLICA_SET_PRIMARY, state=CONNECTED, ok=true, minWireVersion=0, maxWireVersion=17, maxDocumentSize=16777216, logicalSessionTimeoutMinutes=30, roundTripTimeNanos=342153182, setName='atlas-exh0f3-shard-0', canonicalAddress=ac-dafmvbd-shard-00-01.bz5smxn.mongodb.net:27017, hosts=[ac-dafmvbd-shard-00-00.bz5smxn.mongodb.net:27017, ac-dafmvbd-shard-00-01.bz5smxn.mongodb.net:27017, ac-dafmvbd-shard-00-02.bz5smxn.mongodb.net:27017], passives=[], arbiters=[], primary='ac-dafmvbd-shard-00-01.bz5smxn.mongodb.net:27017', tagSet=TagSet{[Tag{name='nodeType', value='ELECTABLE'}, Tag{name='provider', value='GCP'}, Tag{name='region', value='ASIA_SOUTH_1'}, Tag{name='workloadType', value='OPERATIONAL'}]}, electionId=7fffffff0000000000000055, setVersion=3, topologyVersion=TopologyVersion{processId=64637f6dd0bef16306970a56, counter=6}, lastWriteDate=Fri Jun 30 11:59:49 ICT 2023, lastUpdateTimeNanos=72087212661227}
2023-06-30T11:59:49,357  INFO 321926 --- [ngodb.net:27017] o.m.d.cluster                            : Discovered replica set primary ac-dafmvbd-shard-00-01.bz5smxn.mongodb.net:27017 with max election id 7fffffff0000000000000055 and max set version 3
2023-06-30T11:59:49,414  INFO 321926 --- [           main] c.t.d.t.ToeicExamApplicationTests        : Started ToeicExamApplicationTests in 2.44 seconds (process running for 3.686)
]]></system-out>
  </testcase>
</testsuite>